<?xml version="1.0" encoding="UTF-8" ?>
<testsuites>
<testsuite name="lean coffee" errors="0" tests="0" failures="0" time="0" timestamp="2014-05-07T20:43:04">
</testsuite>
<testsuite name="lean coffee.meeting" errors="0" tests="1" failures="0" time="2.402" timestamp="2014-05-07T20:43:01">
  <testcase classname="lean coffee.meeting" name="should show the name of the meeting" time="2.4"></testcase>
</testsuite>
<testsuite name="lean coffee.meeting.sumbit-merge phase" errors="0" tests="0" failures="0" time="0" timestamp="2014-05-07T20:43:04">
</testsuite>
<testsuite name="lean coffee.meeting.sumbit-merge phase.timer expiration" errors="0" tests="0" failures="0" time="0" timestamp="2014-05-07T20:43:04">
</testsuite>
<testsuite name="lean coffee.meeting.sumbit-merge phase.merge ownership" errors="0" tests="0" failures="0" time="0" timestamp="2014-05-07T20:43:04">
</testsuite>
<testsuite name="lean coffee.meeting.sumbit-merge phase.merge text" errors="0" tests="0" failures="0" time="0" timestamp="2014-05-07T20:43:04">
</testsuite>
<testsuite name="lean coffee.meeting.voting phase" errors="0" tests="0" failures="0" time="0" timestamp="2014-05-07T20:43:04">
</testsuite>
<testsuite name="lean coffee.meeting.voting phase.timer expiration" errors="0" tests="0" failures="0" time="0" timestamp="2014-05-07T20:43:04">
</testsuite>
<testsuite name="lean coffee.meeting.discuss phase" errors="0" tests="0" failures="0" time="0" timestamp="2014-05-07T20:43:04">
</testsuite>
<testsuite name="lean coffee.meeting.discuss phase.all topics discussed" errors="0" tests="0" failures="0" time="0" timestamp="2014-05-07T20:43:04">
</testsuite>
<testsuite name="lean coffee.meeting.discuss phase.timer expiration" errors="0" tests="0" failures="0" time="0" timestamp="2014-05-07T20:43:04">
</testsuite>
<testsuite name="lean coffee.meeting.discuss phase.timer expiration.vote is to stop talking about the current topic" errors="0" tests="0" failures="0" time="0" timestamp="2014-05-07T20:43:04">
</testsuite>
<testsuite name="lean coffee.meeting.discuss phase.timer expiration.vote is to continue talking" errors="0" tests="0" failures="0" time="0" timestamp="2014-05-07T20:43:04">
</testsuite>
<testsuite name="lean coffee.meeting.discuss phase.timer expiration.the vote to continue is tied or no one votes" errors="0" tests="0" failures="0" time="0" timestamp="2014-05-07T20:43:04">
</testsuite>
<testsuite name="lean coffee.meeting.discuss phase.tie breakers" errors="0" tests="0" failures="0" time="0" timestamp="2014-05-07T20:43:04">
</testsuite>
<testsuite name="lean coffee.meeting.discuss phase.(maybe?) notes" errors="0" tests="0" failures="0" time="0" timestamp="2014-05-07T20:43:04">
</testsuite>
<testsuite name="lean coffee.meeting.discuss phase.email" errors="0" tests="0" failures="0" time="0" timestamp="2014-05-07T20:43:04">
</testsuite>
<testsuite name="lean coffee.meeting.discuss phase.email.body" errors="0" tests="0" failures="0" time="0" timestamp="2014-05-07T20:43:04">
</testsuite>
</testsuites>